=== E2E test starting, prefix=E2E-Test-1778907423- ===
manager: 张经理 / employee: 赵工长

--- s1_create_and_assign ---
  PASS: ok
    · project: 智慧产业园弱电项目 (3oiyzrhy13gjaut)
    · task created: exr9lcogguppio3 status=pending
    · notification manually created (mimicking frontend mutation)
    · notifications for this task: 1
    · task visible in 待办 tab: True

--- s2_accept_and_start ---
  PASS: ok
    · no UI button found — fallback to PB API status change
    · task status after: in_progress
    · audit_logs for task: 0

--- s3_complete_handoff ---
  FAIL: exception: TimeoutError: Page.goto: Timeout 15000ms exceeded.
Call log:
  - navigating to "http://localhost:5173/review-center?tab=handoff", waiting until "networkidle"

    · handoff created: j1e5rplbcc122da status=pending

--- s4_approve_handoff ---
  PASS: ok
    · handoff status: approved, task status: completed, completed_at: 2026-05-16 04:57:44.028Z

--- s5_reject_handoff ---
  PASS: ok
    · S5 task created: 4ufn535d9sekisb
    · S5 handoff: 1pletwyzz0dchgg
    · handoff status: rejected, review_note: E2E S5 测试拒绝场景, task status: in_progress
    · employee notifications: 20 total, 4 rejection-related

--- s6_batch_complete ---
  PASS: ok
    · created 3 tasks: ['w4q8slodemz5doe', '98673zipbvt9smv', '76pq02197aw0jz3']
    · found 13 checkboxes on page
    · E2E S6 row checkboxes: 3
    · bulk bar visible
    · clicked dialog confirm
    · 3 task statuses: ['completed', 'completed', 'completed']
    · audit_logs for bulk_mark_complete: 3 (expected 3)

=== cleanup ===
  E2E tasks: 5
  cleanup done

=== 5/6 PASS ===
