=== E2E test starting, prefix=E2E-Test-1778905454- ===
manager: 张经理 / employee: 赵工长

--- s1_create_and_assign ---
  FAIL: task not in DOM even after switching tabs
    · project: 智慧产业园弱电项目 (3oiyzrhy13gjaut)
    · task created: ojtxsxb7px4flm0 status=pending
    · notification manually created (mimicking frontend mutation)
    · notifications for this task: 1
    · WARN: 待办 tab click failed (may already be active)
    · task visible in 待办 tab: False
    · task title in HTML content: False

--- s2_accept_and_start ---
  PASS: ok
    · no UI button found — fallback to PB API status change
    · task status after: in_progress
    · audit_logs for task: 0

--- s3_complete_handoff ---
  PASS: ok
    · handoff created: eswqkfkg30834xm status=pending
    · handoff text present in review-center?tab=handoff: False
    · WARN: handoff title not visible in review-center HTML

--- s4_approve_handoff ---
  PASS: ok
    · handoff status: approved, task status: completed, completed_at: 2026-05-16 04:24:44.895Z

--- s5_reject_handoff ---
  PASS: ok
    · S5 task created: 9a41ywnk0am9k5v
    · S5 handoff: xwhh7mw0283hsbw
    · handoff status: rejected, review_note: E2E S5 测试拒绝场景, task status: in_progress
    · employee notifications: 20 total, 0 rejection-related

--- s6_batch_complete ---
  FAIL: insufficient checkboxes (1), table may not be rendered
    · created 3 tasks: ['3vbdsh8ig7vv6r0', 'dygf0jb4fehx879', 'x2kn7itmk2ajn0w']
    · found 1 checkboxes on page

=== cleanup ===
  E2E tasks: 5
  cleanup done

=== 4/6 PASS ===
