=== E2E Concurrent test starting, prefix=E2E-Concurrent-1778906967- ===

using project: 智慧产业园弱电项目 (3oiyzrhy13gjaut)

--- C1 ---
  PASS: ok
    · setup: task=qs277o3qcerc2k8 handoff=b0ojo2zn33may0g
    · thread results: 2/2 succeeded
    · downstream tasks (with from_task as predecessor): 0
    · handoff final status: approved
    · from_task final status: completed
    · elapsed: 1578ms

--- C2 ---
  PASS: ok
    · setup: task=2ybt5mlydu9y2kb handoff=47onvd49awxto9y
    · handoff final=approved, task final=completed, blocker=False
    · elapsed: 1604ms

--- C3 ---
  PASS: ok
    · setup: task=49jgp0yxnjtx9ya
    · pending handoffs from this task: 1
    · elapsed: 1080ms

--- C4 ---
  PASS: ok
    · setup 4 tasks: ['lx6gbu6kanmpd1b', 'ipjzlvwhocy431p', 'nqjng6sucy5dvy0', 'r7cd3mysy3f4yfx']
    · final sequences: {'E2E-Concurrent-1778906967-C4-A': 200, 'E2E-Concurrent-1778906967-C4-B': 300, 'E2E-Concurrent-1778906967-C4-C': 400, 'E2E-Concurrent-1778906967-C4-D': 100}
    · 最终态 = mgr2 (last-writer-wins: mgr2)
    · reorder_tasks audit_logs count: 0 (本测试直接 PATCH，预期 0)
    · elapsed: 650ms

--- C5 ---
  WARN: ok
    · setup: task=sfstwgwhwspaq3h handoff=qn04141vnkkosee audit=a4lmi9zrop423da
    · handoff final: approved, task final: completed, audit final: rejected
    · elapsed: 2114ms
    ! WARN: RACE: audit_log.mark_complete=rejected 但 handoff=approved。audit_logs_reject_sync.pb.js cancel pending handoffs 跑得比 mgr2 approve 慢，导致 mgr2 approve 先把 handoff 置 approved → hook 不会回滚 approved handoff。复现: 同时 PATCH audit_logs/a4lmi9zrop423da review_status=rejected 与 PATCH handoffs/qn04141vnkkosee status=approved。建议: PB rule for handoffs 限制 status='approved' 时必须 from_task.status='completed' 且 from_task 没有 review_status='rejected' 的 mark_complete audit_log；或前端 approveHandoff 之前 reload audit_log 确认未被拒。

--- cleanup ---
  deleted: tasks=8 handoffs=4 audit_logs=1 notifications=0

results JSON: G:\项目管理软件_v2\docs\superpowers\qa-screenshots\e2e_concurrent_results.json

=== Summary: 4 PASS / 1 WARN / 0 FAIL / 5 total ===
