=== Agent F edit-flow E2E, prefix=E2E-Edit-1778905386- ===
manager: 张经理, project: 智慧产业园弱电项目 (3oiyzrhy13gjaut)
emp1=赵工长, emp2=陈资料, members=7

--- e1_edit_stage_name ---
  PASS: ok
    · created u7am8uimxeb8nph 'E2E-Edit-1778905386-E1-原名'
    · audit before='E2E-Edit-1778905386-E1-原名', after='E2E-Edit-1778905386-E1-改后'
    · emp1 task_update notifs: 1
    DUMPS: {"stage_name_after": "E2E-Edit-1778905386-E1-改后", "audit_logs": 1, "before_after": {"before.stage_name": "E2E-Edit-1778905386-E1-原名", "after.stage_name": "E2E-Edit-1778905386-E1-改后"}, "notifications": 1}

--- e2_edit_deadline_assignees ---
  PASS: ok
    · deadline → 2026-08-15, assignees → ['x2kc1qzod6qexqn', 'o4avodgw2fs9x63']
    · emp2 task_update notifs: 1
    DUMPS: {"after": {"deadline": "2026-08-15", "assignees": ["x2kc1qzod6qexqn", "o4avodgw2fs9x63"]}, "audit_logs": 1, "emp2_notifs": 1}

--- e3_batch_save ---
  PASS: ok
    · batch_edit_tasks audit +1 (expect +1)
    · emp2 task_assigned for existing: 1
    DUMPS: {"count": 4, "updated": {"stage_name": "E2E-Edit-1778905386-E3-原有-改后", "assignees": ["x2kc1qzod6qexqn", "o4avodgw2fs9x63"], "deadline": "2026-07-10"}, "new_count": 3, "batch_audit_diff": 1, "emp2_task_assigned": 1}

--- e4_sequence_drag ---
  PASS: ok
    · 3 sequences updated: [1, 2, 3]
    · sequence audit_logs: 0; per_task: 0
    · emp1 notifs for seq tasks: 0
    · [CONFIRM] Bug #7: sequence 不写 audit_log
    · [CONFIRM] Bug #7: sequence 不发通知
    DUMPS: {"after_seq": {"gt6pxs13jh7dwce": 1, "skdxx1u10h2e4q5": 2, "gotdhkyzz55nwm1": 3}, "seq_audit": 0, "per_task_audit": 0, "seq_notifs": 0}

--- e5_audit_integrity ---
  PASS: ok
    · breakdown: {'batch_edit_tasks': 1, 'update_task': 2}
    · sequence audit: 0 (Bug #7 expect 3 got 0)
    DUMPS: {"breakdown": {"batch_edit_tasks": 1, "update_task": 2}, "seq_audit": 0}

=== cleanup ===
  tasks: 9
  done

=== BUGS FOUND ===
  [P2] useUpdateTaskSequence 不写 audit_log
    file: frontend/src/lib/api.ts:480
    evidence: 3 sequence 改动后 sequence-type audit_logs=0, per-task audit_logs=0
results json → G:\项目管理软件_v2\docs\superpowers\qa-screenshots\agent_F_edit_e2e.json
=== 5/5 PASS ===
