=== E2E test starting, prefix=E2E-Test-1778906738- ===
manager: 张经理 / employee: 赵工长

--- s1_create_and_assign ---
  PASS: ok
    · project: 智慧产业园弱电项目 (3oiyzrhy13gjaut)
    · task created: aexqfhdfmpsf7hv status=pending
    · notification manually created (mimicking frontend mutation)
    · notifications for this task: 1
    · task visible in 待办 tab: True

--- s2_accept_and_start ---
  PASS: ok
    · no UI button found — fallback to PB API status change
    · task status after: in_progress
    · audit_logs for task: 0

--- s3_complete_handoff ---
  PASS: ok
    · handoff created: bh1os6vz7e8tr23 status=pending
    · handoff text present in review-center?tab=handoff: True

--- s4_approve_handoff ---
  PASS: ok
    · handoff status: approved, task status: completed, completed_at: 2026-05-16 04:46:06.561Z

--- s5_reject_handoff ---
  PASS: ok
    · S5 task created: 41iakd70ny1vprs
    · S5 handoff: 7hf3ehxn428h8uq
    · handoff status: rejected, review_note: E2E S5 测试拒绝场景, task status: in_progress
    · employee notifications: 20 total, 2 rejection-related

--- s6_batch_complete ---
  PASS: ok
    · created 3 tasks: ['g8h4kg1e52x8t5n', 'ofutf0geip4v1tc', 'jpkf7h6rxuje87s']
    · found 13 checkboxes on page
    · E2E S6 row checkboxes: 3
    · bulk bar visible
    · clicked dialog confirm
    · 3 task statuses: ['completed', 'completed', 'completed']
    · audit_logs for bulk_mark_complete: 3 (expected 3)

=== cleanup ===
  E2E tasks: 5
  cleanup done

=== 6/6 PASS ===
