=== E2E test starting, prefix=E2E-Test-1778908103- ===
manager: 张经理 / employee: 赵工长

--- s1_create_and_assign ---
  PASS: ok
    · project: 智慧产业园弱电项目 (3oiyzrhy13gjaut)
    · task created: ba1uj87vfopgoyy status=pending
    · notification manually created (mimicking frontend mutation)
    · notifications for this task: 1
    · task visible in 待办 tab: True

--- s2_accept_and_start ---
  PASS: ok
    · no UI button found — fallback to PB API status change
    · task status after: in_progress
    · audit_logs for task: 0

--- s3_complete_handoff ---
  PASS: ok
    · handoff created: kzjy5xut0xpajp8 status=pending
    · handoff text present in review-center?tab=handoff: True

--- s4_approve_handoff ---
  PASS: ok
    · handoff status: approved, task status: completed, completed_at: 2026-05-16 05:08:52.751Z

--- s5_reject_handoff ---
  PASS: ok
    · S5 task created: sppb3fr1abr8gmj
    · S5 handoff: uupn6ri0scwo6z1
    · handoff status: rejected, review_note: E2E S5 测试拒绝场景, task status: in_progress
    · employee notifications: 20 total, 2 rejection-related

--- s6_batch_complete ---
  FAIL: expected 3 E2E S6 row checkboxes, got 0
    · created 3 tasks: ['r70dy20i6gevs8m', '7yobal3p68hfhi9', 'xdbdbuufl8y5vd9']
    · found 10 checkboxes on page
    · E2E S6 row checkboxes: 0

=== cleanup ===
  E2E tasks: 0
  cleanup done

=== 5/6 PASS ===
completed']
    · audit_logs for bulk_mark_complete: 3 (expected 3)

=== cleanup ===
  E2E tasks: 10
  cleanup done

=== 6/6 PASS ===
